# JRE version: OpenJDK Runtime Environment Temurin-17.0.3+7 (17.0.3+7) (build 17.0.3+7)
# Java VM: OpenJDK 64-Bit Server VM Temurin-17.0.3+7 (17.0.3+7, mixed mode, tiered, compressed oops, compressed class ptrs, parallel gc, windows-amd64)
GC Precious Log:
 CPUs: 2 total, 2 available
 Memory: 3991M
 Large Page Support: Disabled
 NUMA Support: Disabled
 Compressed Oops: Enabled (32-bit)
 Alignments: Space 512K, Generation 512K, Heap 2M
 Heap Min Capacity: 100M
 Heap Initial Capacity: 100M
 Heap Max Capacity: 1G
 Pre-touch: Disabled
 Parallel Workers: 2
Heap:
 PSYoungGen      total 14336K, used 8022K [0x00000000eab00000, 0x00000000ec080000, 0x0000000100000000)
  eden space 12800K, 50% used [0x00000000eab00000,0x00000000eb15ae18,0x00000000eb780000)
  from space 1536K, 98% used [0x00000000eb980000,0x00000000ebafac00,0x00000000ebb00000)
  to   space 4608K, 0% used [0x00000000ebc00000,0x00000000ebc00000,0x00000000ec080000)
 ParOldGen       total 70144K, used 54682K [0x00000000c0000000, 0x00000000c4480000, 0x00000000eab00000)
  object space 70144K, 77% used [0x00000000c0000000,0x00000000c3566a68,0x00000000c4480000)
 Metaspace       used 64647K, committed 65728K, reserved 1114112K
  class space    used 6678K, committed 7168K, reserved 1048576K
GC Heap History (20 events):
Event: 177.275 GC heap before
{Heap before GC invocations=47 (full 4):
 PSYoungGen      total 18432K, used 18331K [0x00000000eab00000, 0x00000000eca80000, 0x0000000100000000)
  eden space 12800K, 100% used [0x00000000eab00000,0x00000000eb780000,0x00000000eb780000)
  from space 5632K, 98% used [0x00000000eb780000,0x00000000ebce6c28,0x00000000ebd00000)
  to   space 9728K, 0% used [0x00000000ec100000,0x00000000ec100000,0x00000000eca80000)
 ParOldGen       total 70144K, used 36760K [0x00000000c0000000, 0x00000000c4480000, 0x00000000eab00000)
  object space 70144K, 52% used [0x00000000c0000000,0x00000000c23e6120,0x00000000c4480000)
 Metaspace       used 62420K, committed 63488K, reserved 1105920K
  class space    used 6447K, committed 6912K, reserved 1048576K
}
Event: 177.288 GC heap after
{Heap after GC invocations=47 (full 4):
 PSYoungGen      total 13312K, used 280K [0x00000000eab00000, 0x00000000ec180000, 0x0000000100000000)
  eden space 12800K, 0% used [0x00000000eab00000,0x00000000eab00000,0x00000000eb780000)
  from space 512K, 54% used [0x00000000ec100000,0x00000000ec1460d8,0x00000000ec180000)
  to   space 3072K, 0% used [0x00000000ebb80000,0x00000000ebb80000,0x00000000ebe80000)
 ParOldGen       total 70144K, used 42285K [0x00000000c0000000, 0x00000000c4480000, 0x00000000eab00000)
  object space 70144K, 60% used [0x00000000c0000000,0x00000000c294b400,0x00000000c4480000)
 Metaspace       used 62420K, committed 63488K, reserved 1105920K
  class space    used 6447K, committed 6912K, reserved 1048576K
}
Event: 178.024 GC heap before
{Heap before GC invocations=48 (full 4):
 PSYoungGen      total 13312K, used 13080K [0x00000000eab00000, 0x00000000ec180000, 0x0000000100000000)
  eden space 12800K, 100% used [0x00000000eab00000,0x00000000eb780000,0x00000000eb780000)
  from space 512K, 54% used [0x00000000ec100000,0x00000000ec1460d8,0x00000000ec180000)
  to   space 3072K, 0% used [0x00000000ebb80000,0x00000000ebb80000,0x00000000ebe80000)
 ParOldGen       total 70144K, used 42285K [0x00000000c0000000, 0x00000000c4480000, 0x00000000eab00000)
  object space 70144K, 60% used [0x00000000c0000000,0x00000000c294b400,0x00000000c4480000)
 Metaspace       used 62574K, committed 63680K, reserved 1105920K
  class space    used 6473K, committed 6976K, reserved 1048576K
}
Event: 178.033 GC heap after
{Heap after GC invocations=48 (full 4):
 PSYoungGen      total 15872K, used 1536K [0x00000000eab00000, 0x00000000ec180000, 0x0000000100000000)
  eden space 12800K, 0% used [0x00000000eab00000,0x00000000eab00000,0x00000000eb780000)
  from space 3072K, 50% used [0x00000000ebb80000,0x00000000ebd00020,0x00000000ebe80000)
  to   space 2048K, 0% used [0x00000000ebf80000,0x00000000ebf80000,0x00000000ec180000)
 ParOldGen       total 70144K, used 42538K [0x00000000c0000000, 0x00000000c4480000, 0x00000000eab00000)
  object space 70144K, 60% used [0x00000000c0000000,0x00000000c298aae8,0x00000000c4480000)
 Metaspace       used 62574K, committed 63680K, reserved 1105920K
  class space    used 6473K, committed 6976K, reserved 1048576K
}
Event: 180.227 GC heap before
{Heap before GC invocations=49 (full 4):
 PSYoungGen      total 15872K, used 14336K [0x00000000eab00000, 0x00000000ec180000, 0x0000000100000000)
  eden space 12800K, 100% used [0x00000000eab00000,0x00000000eb780000,0x00000000eb780000)
  from space 3072K, 50% used [0x00000000ebb80000,0x00000000ebd00020,0x00000000ebe80000)
  to   space 2048K, 0% used [0x00000000ebf80000,0x00000000ebf80000,0x00000000ec180000)
 ParOldGen       total 70144K, used 42538K [0x00000000c0000000, 0x00000000c4480000, 0x00000000eab00000)
  object space 70144K, 60% used [0x00000000c0000000,0x00000000c298aae8,0x00000000c4480000)
 Metaspace       used 62575K, committed 63680K, reserved 1105920K
  class space    used 6473K, committed 6976K, reserved 1048576K
}
Event: 180.239 GC heap after
{Heap after GC invocations=49 (full 4):
 PSYoungGen      total 14848K, used 2024K [0x00000000eab00000, 0x00000000ec180000, 0x0000000100000000)
  eden space 12800K, 0% used [0x00000000eab00000,0x00000000eab00000,0x00000000eb780000)
  from space 2048K, 98% used [0x00000000ebf80000,0x00000000ec17a1a8,0x00000000ec180000)
  to   space 4096K, 0% used [0x00000000eb980000,0x00000000eb980000,0x00000000ebd80000)
 ParOldGen       total 70144K, used 44108K [0x00000000c0000000, 0x00000000c4480000, 0x00000000eab00000)
  object space 70144K, 62% used [0x00000000c0000000,0x00000000c2b13050,0x00000000c4480000)
 Metaspace       used 62575K, committed 63680K, reserved 1105920K
  class space    used 6473K, committed 6976K, reserved 1048576K
}
Event: 181.998 GC heap before
{Heap before GC invocations=50 (full 4):
 PSYoungGen      total 14848K, used 14824K [0x00000000eab00000, 0x00000000ec180000, 0x0000000100000000)
  eden space 12800K, 99% used [0x00000000eab00000,0x00000000eb77ffe0,0x00000000eb780000)
  from space 2048K, 98% used [0x00000000ebf80000,0x00000000ec17a1a8,0x00000000ec180000)
  to   space 4096K, 0% used [0x00000000eb980000,0x00000000eb980000,0x00000000ebd80000)
 ParOldGen       total 70144K, used 44108K [0x00000000c0000000, 0x00000000c4480000, 0x00000000eab00000)
  object space 70144K, 62% used [0x00000000c0000000,0x00000000c2b13050,0x00000000c4480000)
 Metaspace       used 62583K, committed 63744K, reserved 1105920K
  class space    used 6473K, committed 6976K, reserved 1048576K
}
Event: 182.011 GC heap after
{Heap after GC invocations=50 (full 4):
 PSYoungGen      total 15872K, used 2696K [0x00000000eab00000, 0x00000000ec000000, 0x0000000100000000)
  eden space 12800K, 0% used [0x00000000eab00000,0x00000000eab00000,0x00000000eb780000)
  from space 3072K, 87% used [0x00000000eb980000,0x00000000ebc22110,0x00000000ebc80000)
  to   space 3072K, 0% used [0x00000000ebd00000,0x00000000ebd00000,0x00000000ec000000)
 ParOldGen       total 70144K, used 46089K [0x00000000c0000000, 0x00000000c4480000, 0x00000000eab00000)
  object space 70144K, 65% used [0x00000000c0000000,0x00000000c2d02408,0x00000000c4480000)
 Metaspace       used 62583K, committed 63744K, reserved 1105920K
  class space    used 6473K, committed 6976K, reserved 1048576K
}
Event: 182.489 GC heap before
{Heap before GC invocations=51 (full 4):
 PSYoungGen      total 15872K, used 15496K [0x00000000eab00000, 0x00000000ec000000, 0x0000000100000000)
  eden space 12800K, 100% used [0x00000000eab00000,0x00000000eb780000,0x00000000eb780000)
  from space 3072K, 87% used [0x00000000eb980000,0x00000000ebc22110,0x00000000ebc80000)
  to   space 3072K, 0% used [0x00000000ebd00000,0x00000000ebd00000,0x00000000ec000000)
 ParOldGen       total 70144K, used 46089K [0x00000000c0000000, 0x00000000c4480000, 0x00000000eab00000)
  object space 70144K, 65% used [0x00000000c0000000,0x00000000c2d02408,0x00000000c4480000)
 Metaspace       used 62659K, committed 63808K, reserved 1105920K
  class space    used 6474K, committed 6976K, reserved 1048576K
}
Event: 182.503 GC heap after
{Heap after GC invocations=51 (full 4):
 PSYoungGen      total 13312K, used 399K [0x00000000eab00000, 0x00000000ebd80000, 0x0000000100000000)
  eden space 12800K, 0% used [0x00000000eab00000,0x00000000eab00000,0x00000000eb780000)
  from space 512K, 77% used [0x00000000ebd00000,0x00000000ebd63cd0,0x00000000ebd80000)
  to   space 1536K, 0% used [0x00000000eba80000,0x00000000eba80000,0x00000000ebc00000)
 ParOldGen       total 70144K, used 48756K [0x00000000c0000000, 0x00000000c4480000, 0x00000000eab00000)
  object space 70144K, 69% used [0x00000000c0000000,0x00000000c2f9d020,0x00000000c4480000)
 Metaspace       used 62659K, committed 63808K, reserved 1105920K
  class space    used 6474K, committed 6976K, reserved 1048576K
}
Event: 182.878 GC heap before
{Heap before GC invocations=52 (full 4):
 PSYoungGen      total 13312K, used 13199K [0x00000000eab00000, 0x00000000ebd80000, 0x0000000100000000)
  eden space 12800K, 100% used [0x00000000eab00000,0x00000000eb780000,0x00000000eb780000)
  from space 512K, 77% used [0x00000000ebd00000,0x00000000ebd63cd0,0x00000000ebd80000)
  to   space 1536K, 0% used [0x00000000eba80000,0x00000000eba80000,0x00000000ebc00000)
 ParOldGen       total 70144K, used 48756K [0x00000000c0000000, 0x00000000c4480000, 0x00000000eab00000)
  object space 70144K, 69% used [0x00000000c0000000,0x00000000c2f9d020,0x00000000c4480000)
 Metaspace       used 62669K, committed 63808K, reserved 1105920K
  class space    used 6474K, committed 6976K, reserved 1048576K
}
Event: 182.883 GC heap after
{Heap after GC invocations=52 (full 4):
 PSYoungGen      total 14336K, used 289K [0x00000000eab00000, 0x00000000ebd80000, 0x0000000100000000)
  eden space 12800K, 0% used [0x00000000eab00000,0x00000000eab00000,0x00000000eb780000)
  from space 1536K, 18% used [0x00000000eba80000,0x00000000ebac84e8,0x00000000ebc00000)
  to   space 512K, 0% used [0x00000000ebd00000,0x00000000ebd00000,0x00000000ebd80000)
 ParOldGen       total 70144K, used 49146K [0x00000000c0000000, 0x00000000c4480000, 0x00000000eab00000)
  object space 70144K, 70% used [0x00000000c0000000,0x00000000c2ffeb48,0x00000000c4480000)
 Metaspace       used 62669K, committed 63808K, reserved 1105920K
  class space    used 6474K, committed 6976K, reserved 1048576K
}
Event: 183.896 GC heap before
{Heap before GC invocations=53 (full 4):
 PSYoungGen      total 14336K, used 13089K [0x00000000eab00000, 0x00000000ebd80000, 0x0000000100000000)
  eden space 12800K, 100% used [0x00000000eab00000,0x00000000eb780000,0x00000000eb780000)
  from space 1536K, 18% used [0x00000000eba80000,0x00000000ebac84e8,0x00000000ebc00000)
  to   space 512K, 0% used [0x00000000ebd00000,0x00000000ebd00000,0x00000000ebd80000)
 ParOldGen       total 70144K, used 49146K [0x00000000c0000000, 0x00000000c4480000, 0x00000000eab00000)
  object space 70144K, 70% used [0x00000000c0000000,0x00000000c2ffeb48,0x00000000c4480000)
 Metaspace       used 62819K, committed 64000K, reserved 1105920K
  class space    used 6482K, committed 6976K, reserved 1048576K
}
Event: 183.900 GC heap after
{Heap after GC invocations=53 (full 4):
 PSYoungGen      total 13312K, used 490K [0x00000000eab00000, 0x00000000ebd80000, 0x0000000100000000)
  eden space 12800K, 0% used [0x00000000eab00000,0x00000000eab00000,0x00000000eb780000)
  from space 512K, 95% used [0x00000000ebd00000,0x00000000ebd7a9e0,0x00000000ebd80000)
  to   space 1536K, 0% used [0x00000000eba80000,0x00000000eba80000,0x00000000ebc00000)
 ParOldGen       total 70144K, used 49709K [0x00000000c0000000, 0x00000000c4480000, 0x00000000eab00000)
  object space 70144K, 70% used [0x00000000c0000000,0x00000000c308b410,0x00000000c4480000)
 Metaspace       used 62819K, committed 64000K, reserved 1105920K
  class space    used 6482K, committed 6976K, reserved 1048576K
}
Event: 184.767 GC heap before
{Heap before GC invocations=54 (full 4):
 PSYoungGen      total 13312K, used 13289K [0x00000000eab00000, 0x00000000ebd80000, 0x0000000100000000)
  eden space 12800K, 99% used [0x00000000eab00000,0x00000000eb77fd78,0x00000000eb780000)
  from space 512K, 95% used [0x00000000ebd00000,0x00000000ebd7a9e0,0x00000000ebd80000)
  to   space 1536K, 0% used [0x00000000eba80000,0x00000000eba80000,0x00000000ebc00000)
 ParOldGen       total 70144K, used 49709K [0x00000000c0000000, 0x00000000c4480000, 0x00000000eab00000)
  object space 70144K, 70% used [0x00000000c0000000,0x00000000c308b410,0x00000000c4480000)
 Metaspace       used 63284K, committed 64384K, reserved 1114112K
  class space    used 6524K, committed 6976K, reserved 1048576K
}
Event: 184.776 GC heap after
{Heap after GC invocations=54 (full 4):
 PSYoungGen      total 14336K, used 1524K [0x00000000eab00000, 0x00000000ebd80000, 0x0000000100000000)
  eden space 12800K, 0% used [0x00000000eab00000,0x00000000eab00000,0x00000000eb780000)
  from space 1536K, 99% used [0x00000000eba80000,0x00000000ebbfd1a8,0x00000000ebc00000)
  to   space 1536K, 0% used [0x00000000ebc00000,0x00000000ebc00000,0x00000000ebd80000)
 ParOldGen       total 70144K, used 50929K [0x00000000c0000000, 0x00000000c4480000, 0x00000000eab00000)
  object space 70144K, 72% used [0x00000000c0000000,0x00000000c31bc6e0,0x00000000c4480000)
 Metaspace       used 63284K, committed 64384K, reserved 1114112K
  class space    used 6524K, committed 6976K, reserved 1048576K
}
Event: 185.310 GC heap before
{Heap before GC invocations=55 (full 4):
 PSYoungGen      total 14336K, used 14324K [0x00000000eab00000, 0x00000000ebd80000, 0x0000000100000000)
  eden space 12800K, 100% used [0x00000000eab00000,0x00000000eb780000,0x00000000eb780000)
  from space 1536K, 99% used [0x00000000eba80000,0x00000000ebbfd1a8,0x00000000ebc00000)
  to   space 1536K, 0% used [0x00000000ebc00000,0x00000000ebc00000,0x00000000ebd80000)
 ParOldGen       total 70144K, used 50929K [0x00000000c0000000, 0x00000000c4480000, 0x00000000eab00000)
  object space 70144K, 72% used [0x00000000c0000000,0x00000000c31bc6e0,0x00000000c4480000)
 Metaspace       used 63765K, committed 64896K, reserved 1114112K
  class space    used 6578K, committed 7040K, reserved 1048576K
}
Event: 185.320 GC heap after
{Heap after GC invocations=55 (full 4):
 PSYoungGen      total 13312K, used 442K [0x00000000eab00000, 0x00000000ebc80000, 0x0000000100000000)
  eden space 12800K, 0% used [0x00000000eab00000,0x00000000eab00000,0x00000000eb780000)
  from space 512K, 86% used [0x00000000ebc00000,0x00000000ebc6e918,0x00000000ebc80000)
  to   space 1536K, 0% used [0x00000000eb980000,0x00000000eb980000,0x00000000ebb00000)
 ParOldGen       total 70144K, used 52458K [0x00000000c0000000, 0x00000000c4480000, 0x00000000eab00000)
  object space 70144K, 74% used [0x00000000c0000000,0x00000000c333a8b8,0x00000000c4480000)
 Metaspace       used 63765K, committed 64896K, reserved 1114112K
  class space    used 6578K, committed 7040K, reserved 1048576K
}
Event: 186.394 GC heap before
{Heap before GC invocations=56 (full 4):
 PSYoungGen      total 13312K, used 13242K [0x00000000eab00000, 0x00000000ebc80000, 0x0000000100000000)
  eden space 12800K, 100% used [0x00000000eab00000,0x00000000eb780000,0x00000000eb780000)
  from space 512K, 86% used [0x00000000ebc00000,0x00000000ebc6e918,0x00000000ebc80000)
  to   space 1536K, 0% used [0x00000000eb980000,0x00000000eb980000,0x00000000ebb00000)
 ParOldGen       total 70144K, used 52458K [0x00000000c0000000, 0x00000000c4480000, 0x00000000eab00000)
  object space 70144K, 74% used [0x00000000c0000000,0x00000000c333a8b8,0x00000000c4480000)
 Metaspace       used 64106K, committed 65216K, reserved 1114112K
  class space    used 6614K, committed 7040K, reserved 1048576K
}
Event: 186.406 GC heap after
{Heap after GC invocations=56 (full 4):
 PSYoungGen      total 14336K, used 1515K [0x00000000eab00000, 0x00000000ec080000, 0x0000000100000000)
  eden space 12800K, 0% used [0x00000000eab00000,0x00000000eab00000,0x00000000eb780000)
  from space 1536K, 98% used [0x00000000eb980000,0x00000000ebafac00,0x00000000ebb00000)
  to   space 4608K, 0% used [0x00000000ebc00000,0x00000000ebc00000,0x00000000ec080000)
 ParOldGen       total 70144K, used 54682K [0x00000000c0000000, 0x00000000c4480000, 0x00000000eab00000)
  object space 70144K, 77% used [0x00000000c0000000,0x00000000c3566a68,0x00000000c4480000)
 Metaspace       used 64106K, committed 65216K, reserved 1114112K
  class space    used 6614K, committed 7040K, reserved 1048576K
}

